\BOOKMARK [1][-]{section.1}{\332vod}{}% 1
\BOOKMARK [1][-]{section.2}{Struktura digit\341ln\355ho r\341diov\351ho syst\351mu}{}% 2
\BOOKMARK [2][-]{subsection.2.1}{Vys\355lac}{section.2}% 3
\BOOKMARK [1][-]{section.3}{Tvarov\341n\355 impulzu}{}% 4
\BOOKMARK [2][-]{subsection.3.1}{Teorie}{section.3}% 5
\BOOKMARK [3][-]{subsubsection.3.1.1}{Funkce sinc\(x\)}{subsection.3.1}% 6
\BOOKMARK [3][-]{subsubsection.3.1.2}{Funkce raised \205 cosine}{subsection.3.1}% 7
\BOOKMARK [2][-]{subsection.3.2}{Zpusob generov\341n\355}{section.3}% 8
\BOOKMARK [3][-]{subsubsection.3.2.1}{Pr\355m\375 gener\341tor}{subsection.3.2}% 9
\BOOKMARK [3][-]{subsubsection.3.2.2}{Root raised \205 cosine filtr}{subsection.3.2}% 10
\BOOKMARK [2][-]{subsection.3.3}{Anal\375za autokorelacn\355ch vlastnost\355}{section.3}% 11
\BOOKMARK [1][-]{section.4}{Gener\341tor r\341diov\351ho sign\341lu}{}% 12
\BOOKMARK [2][-]{subsection.4.1}{Realizace Up-convertoru - Python}{section.4}% 13
\BOOKMARK [2][-]{subsection.4.2}{Pou\236it\355 bloku USRP v GNU Radio}{section.4}% 14
\BOOKMARK [1][-]{section.5}{Simulace - popis vytvoren\375ch funkc\355}{}% 15
\BOOKMARK [2][-]{subsection.5.1}{Gener\341tory sign\341lu}{section.5}% 16
\BOOKMARK [3][-]{subsubsection.5.1.1}{Jednoduch\351 impulzy}{subsection.5.1}% 17
\BOOKMARK [3][-]{subsubsection.5.1.2}{Posloupnosti impulzu}{subsection.5.1}% 18
\BOOKMARK [3][-]{subsubsection.5.1.3}{Gener\341tory pseudon\341hodn\375ch posloupnost\355}{subsection.5.1}% 19
\BOOKMARK [2][-]{subsection.5.2}{Modul\341tory}{section.5}% 20
\BOOKMARK [3][-]{subsubsection.5.2.1}{Tvarovace sign\341lu v z\341kladn\355m p\341smu}{subsection.5.2}% 21
\BOOKMARK [3][-]{subsubsection.5.2.2}{Up \205 Converter}{subsection.5.2}% 22
\BOOKMARK [2][-]{subsection.5.3}{Pomocn\351 funkce}{section.5}% 23
\BOOKMARK [2][-]{subsection.5.4}{Filtry}{section.5}% 24
\BOOKMARK [3][-]{subsubsection.5.4.1}{Tvarovace impulzu}{subsection.5.4}% 25
